<?xml version="1.0" encoding="UTF-8"?>
<testsuite xmlns:xsi="http://www.w3.org/2001/XMLSchema-instance" xsi:noNamespaceSchemaLocation="https://maven.apache.org/surefire/maven-surefire-plugin/xsd/surefire-test-report-3.0.xsd" version="3.0" name="com.example.helpdesk.HelpdeskApplicationTests" time="9.171" tests="1" errors="0" skipped="0" failures="0">
  <properties>
[...]
</properties>
  <testcase name="test" classname="com.example.helpdesk.HelpdeskApplicationTests" time="0.537">
    <system-out><![CDATA[18:04:53.584 [main] INFO org.springframework.test.context.support.AnnotationConfigContextLoaderUtils -- Could not detect default configuration classes for test class [com.example.helpdesk.HelpdeskApplicationTests]: HelpdeskApplicationTests does not declare any static, non-private, non-final, nested classes annotated with @Configuration.
18:04:53.728 [main] INFO org.springframework.boot.test.context.SpringBootTestContextBootstrapper -- Found @SpringBootConfiguration com.example.helpdesk.HelpdeskApplication for test class com.example.helpdesk.HelpdeskApplicationTests

  .   ____          _            __ _ _
 /\\ / ___'_ __ _ _(_)_ __  __ _ \ \ \ \
( ( )\___ | '_ | '_| | '_ \/ _` | \ \ \ \
 \\/  ___)| |_)| | | | | || (_| |  ) ) ) )
  '  |____| .__|_| |_|_| |_\__, | / / / /
 =========|_|==============|___/=/_/_/_/
 :: Spring Boot ::                (v3.1.7)

2024-05-07T18:04:54.253+03:00  INFO 21796 --- [           main] c.e.helpdesk.HelpdeskApplicationTests    : Starting HelpdeskApplicationTests using Java 17.0.10 with PID 21796 (started by owy_j in D:\1.Coding\Java\Springboot\SpringBoot-Template)
2024-05-07T18:04:54.255+03:00  INFO 21796 --- [           main] c.e.helpdesk.HelpdeskApplicationTests    : No active profile set, falling back to 1 default profile: "default"
2024-05-07T18:04:55.372+03:00  INFO 21796 --- [           main] .s.d.r.c.RepositoryConfigurationDelegate : Bootstrapping Spring Data JPA repositories in DEFAULT mode.
2024-05-07T18:04:55.459+03:00  INFO 21796 --- [           main] .s.d.r.c.RepositoryConfigurationDelegate : Finished Spring Data repository scanning in 78 ms. Found 6 JPA repository interfaces.
2024-05-07T18:04:56.298+03:00  INFO 21796 --- [           main] o.hibernate.jpa.internal.util.LogHelper  : HHH000204: Processing PersistenceUnitInfo [name: default]
2024-05-07T18:04:56.360+03:00  INFO 21796 --- [           main] org.hibernate.Version                    : HHH000412: Hibernate ORM core version 6.2.17.Final
2024-05-07T18:04:56.362+03:00  INFO 21796 --- [           main] org.hibernate.cfg.Environment            : HHH000406: Using bytecode reflection optimizer
2024-05-07T18:04:56.809+03:00  INFO 21796 --- [           main] o.s.o.j.p.SpringPersistenceUnitInfo      : No LoadTimeWeaver setup: ignoring JPA class transformer
2024-05-07T18:04:56.842+03:00  INFO 21796 --- [           main] com.zaxxer.hikari.HikariDataSource       : HikariPool-1 - Starting...
2024-05-07T18:04:57.083+03:00  INFO 21796 --- [           main] com.zaxxer.hikari.pool.HikariPool        : HikariPool-1 - Added connection org.postgresql.jdbc.PgConnection@69499c6f
2024-05-07T18:04:57.086+03:00  INFO 21796 --- [           main] com.zaxxer.hikari.HikariDataSource       : HikariPool-1 - Start completed.
2024-05-07T18:04:57.126+03:00  WARN 21796 --- [           main] org.hibernate.orm.deprecation            : HHH90000025: PostgreSQLDialect does not need to be specified explicitly using 'hibernate.dialect' (remove the property setting and it will be selected by default)
2024-05-07T18:04:58.376+03:00  INFO 21796 --- [           main] o.h.e.t.j.p.i.JtaPlatformInitiator       : HHH000489: No JTA platform available (set 'hibernate.transaction.jta.platform' to enable JTA platform integration)
Hibernate: 
    alter table if exists _user 
       drop constraint if exists FKff8gmypm10m717ki59cihwxh8
2024-05-07T18:04:58.399+03:00  WARN 21796 --- [           main] o.h.engine.jdbc.spi.SqlExceptionHelper   : SQL Warning Code: 0, SQLState: 00000
2024-05-07T18:04:58.399+03:00  WARN 21796 --- [           main] o.h.engine.jdbc.spi.SqlExceptionHelper   : relation "_user" does not exist, skipping
Hibernate: 
    alter table if exists comment 
       drop constraint if exists FKmjlort5neh06nmdgtlmu9ntt9
2024-05-07T18:04:58.400+03:00  WARN 21796 --- [           main] o.h.engine.jdbc.spi.SqlExceptionHelper   : SQL Warning Code: 0, SQLState: 00000
2024-05-07T18:04:58.400+03:00  WARN 21796 --- [           main] o.h.engine.jdbc.spi.SqlExceptionHelper   : relation "comment" does not exist, skipping
Hibernate: 
    alter table if exists comment 
       drop constraint if exists FKoo5phijy22unidgkw0sipcs74
2024-05-07T18:04:58.401+03:00  WARN 21796 --- [           main] o.h.engine.jdbc.spi.SqlExceptionHelper   : SQL Warning Code: 0, SQLState: 00000
2024-05-07T18:04:58.401+03:00  WARN 21796 --- [           main] o.h.engine.jdbc.spi.SqlExceptionHelper   : relation "comment" does not exist, skipping
Hibernate: 
    alter table if exists ticket 
       drop constraint if exists FKlai6kg2ql83up4jb9m84chp2g
2024-05-07T18:04:58.402+03:00  WARN 21796 --- [           main] o.h.engine.jdbc.spi.SqlExceptionHelper   : SQL Warning Code: 0, SQLState: 00000
2024-05-07T18:04:58.402+03:00  WARN 21796 --- [           main] o.h.engine.jdbc.spi.SqlExceptionHelper   : relation "ticket" does not exist, skipping
Hibernate: 
    alter table if exists ticket 
       drop constraint if exists FKpm59y0gyrns15y7towf446web
2024-05-07T18:04:58.403+03:00  WARN 21796 --- [           main] o.h.engine.jdbc.spi.SqlExceptionHelper   : SQL Warning Code: 0, SQLState: 00000
2024-05-07T18:04:58.403+03:00  WARN 21796 --- [           main] o.h.engine.jdbc.spi.SqlExceptionHelper   : relation "ticket" does not exist, skipping
Hibernate: 
    alter table if exists token 
       drop constraint if exists FKiblu4cjwvyntq3ugo31klp1c6
2024-05-07T18:04:58.404+03:00  WARN 21796 --- [           main] o.h.engine.jdbc.spi.SqlExceptionHelper   : SQL Warning Code: 0, SQLState: 00000
2024-05-07T18:04:58.405+03:00  WARN 21796 --- [           main] o.h.engine.jdbc.spi.SqlExceptionHelper   : relation "token" does not exist, skipping
Hibernate: 
    drop table if exists _user cascade
2024-05-07T18:04:58.405+03:00  WARN 21796 --- [           main] o.h.engine.jdbc.spi.SqlExceptionHelper   : SQL Warning Code: 0, SQLState: 00000
2024-05-07T18:04:58.405+03:00  WARN 21796 --- [           main] o.h.engine.jdbc.spi.SqlExceptionHelper   : table "_user" does not exist, skipping
Hibernate: 
    drop table if exists comment cascade
2024-05-07T18:04:58.406+03:00  WARN 21796 --- [           main] o.h.engine.jdbc.spi.SqlExceptionHelper   : SQL Warning Code: 0, SQLState: 00000
2024-05-07T18:04:58.406+03:00  WARN 21796 --- [           main] o.h.engine.jdbc.spi.SqlExceptionHelper   : table "comment" does not exist, skipping
Hibernate: 
    drop table if exists department cascade
2024-05-07T18:04:58.407+03:00  WARN 21796 --- [           main] o.h.engine.jdbc.spi.SqlExceptionHelper   : SQL Warning Code: 0, SQLState: 00000
2024-05-07T18:04:58.407+03:00  WARN 21796 --- [           main] o.h.engine.jdbc.spi.SqlExceptionHelper   : table "department" does not exist, skipping
Hibernate: 
    drop table if exists ticket cascade
2024-05-07T18:04:58.407+03:00  WARN 21796 --- [           main] o.h.engine.jdbc.spi.SqlExceptionHelper   : SQL Warning Code: 0, SQLState: 00000
2024-05-07T18:04:58.407+03:00  WARN 21796 --- [           main] o.h.engine.jdbc.spi.SqlExceptionHelper   : table "ticket" does not exist, skipping
Hibernate: 
    drop table if exists token cascade
2024-05-07T18:04:58.408+03:00  WARN 21796 --- [           main] o.h.engine.jdbc.spi.SqlExceptionHelper   : SQL Warning Code: 0, SQLState: 00000
2024-05-07T18:04:58.408+03:00  WARN 21796 --- [           main] o.h.engine.jdbc.spi.SqlExceptionHelper   : table "token" does not exist, skipping
Hibernate: 
    drop sequence if exists _user_seq
2024-05-07T18:04:58.409+03:00  WARN 21796 --- [           main] o.h.engine.jdbc.spi.SqlExceptionHelper   : SQL Warning Code: 0, SQLState: 00000
2024-05-07T18:04:58.409+03:00  WARN 21796 --- [           main] o.h.engine.jdbc.spi.SqlExceptionHelper   : sequence "_user_seq" does not exist, skipping
Hibernate: 
    drop sequence if exists comment_seq
2024-05-07T18:04:58.409+03:00  WARN 21796 --- [           main] o.h.engine.jdbc.spi.SqlExceptionHelper   : SQL Warning Code: 0, SQLState: 00000
2024-05-07T18:04:58.409+03:00  WARN 21796 --- [           main] o.h.engine.jdbc.spi.SqlExceptionHelper   : sequence "comment_seq" does not exist, skipping
Hibernate: 
    drop sequence if exists department_seq
2024-05-07T18:04:58.410+03:00  WARN 21796 --- [           main] o.h.engine.jdbc.spi.SqlExceptionHelper   : SQL Warning Code: 0, SQLState: 00000
2024-05-07T18:04:58.410+03:00  WARN 21796 --- [           main] o.h.engine.jdbc.spi.SqlExceptionHelper   : sequence "department_seq" does not exist, skipping
Hibernate: 
    drop sequence if exists ticket_seq
2024-05-07T18:04:58.411+03:00  WARN 21796 --- [           main] o.h.engine.jdbc.spi.SqlExceptionHelper   : SQL Warning Code: 0, SQLState: 00000
2024-05-07T18:04:58.411+03:00  WARN 21796 --- [           main] o.h.engine.jdbc.spi.SqlExceptionHelper   : sequence "ticket_seq" does not exist, skipping
Hibernate: 
    drop sequence if exists token_seq
2024-05-07T18:04:58.412+03:00  WARN 21796 --- [           main] o.h.engine.jdbc.spi.SqlExceptionHelper   : SQL Warning Code: 0, SQLState: 00000
2024-05-07T18:04:58.412+03:00  WARN 21796 --- [           main] o.h.engine.jdbc.spi.SqlExceptionHelper   : sequence "token_seq" does not exist, skipping
Hibernate: 
    create sequence _user_seq start with 1 increment by 50
Hibernate: 
    create sequence comment_seq start with 1 increment by 50
Hibernate: 
    create sequence department_seq start with 1 increment by 50
Hibernate: 
    create sequence ticket_seq start with 1 increment by 50
Hibernate: 
    create sequence token_seq start with 1 increment by 50
Hibernate: 
    create table _user (
        id integer not null,
        department_id bigint,
        email varchar(255),
        firstname varchar(255),
        lastname varchar(255),
        password varchar(255),
        role varchar(255) check (role in ('USER','ADMIN','MANAGER')),
        primary key (id)
    )
Hibernate: 
    create table comment (
        user_id integer,
        id bigint not null,
        id_ticket bigint,
        comment varchar(255),
        primary key (id)
    )
Hibernate: 
    create table department (
        department_id bigint not null,
        department_name varchar(255),
        primary key (department_id)
    )
Hibernate: 
    create table ticket (
        user_assignee_id integer,
        user_id integer,
        created_at timestamp(6) with time zone,
        id_ticket bigint not null,
        last_update timestamp(6) with time zone,
        dtype varchar(31) not null,
        status varchar(255) check (status in ('NEW','IN_PROGRESS','DONE')),
        subject varchar(255),
        threat_level varchar(255),
        primary key (id_ticket)
    )
Hibernate: 
    create table token (
        expired boolean not null,
        id integer not null,
        revoked boolean not null,
        user_id integer,
        token varchar(255) unique,
        token_type varchar(255) check (token_type in ('BEARER')),
        primary key (id)
    )
Hibernate: 
    alter table if exists _user 
       add constraint FKff8gmypm10m717ki59cihwxh8 
       foreign key (department_id) 
       references department
Hibernate: 
    alter table if exists comment 
       add constraint FKmjlort5neh06nmdgtlmu9ntt9 
       foreign key (id_ticket) 
       references ticket
Hibernate: 
    alter table if exists comment 
       add constraint FKoo5phijy22unidgkw0sipcs74 
       foreign key (user_id) 
       references _user
Hibernate: 
    alter table if exists ticket 
       add constraint FKlai6kg2ql83up4jb9m84chp2g 
       foreign key (user_assignee_id) 
       references _user
Hibernate: 
    alter table if exists ticket 
       add constraint FKpm59y0gyrns15y7towf446web 
       foreign key (user_id) 
       references _user
Hibernate: 
    alter table if exists token 
       add constraint FKiblu4cjwvyntq3ugo31klp1c6 
       foreign key (user_id) 
       references _user
2024-05-07T18:04:58.494+03:00  INFO 21796 --- [           main] j.LocalContainerEntityManagerFactoryBean : Initialized JPA EntityManagerFactory for persistence unit 'default'
2024-05-07T18:04:59.113+03:00  INFO 21796 --- [           main] f.a.AutowiredAnnotationBeanPostProcessor : Autowired annotation is not supported on static fields: private static final java.lang.String com.example.helpdesk.config.JwtService.SECRET_KEY
2024-05-07T18:04:59.256+03:00  INFO 21796 --- [           main] o.s.d.j.r.query.QueryEnhancerFactory     : Hibernate is in classpath; If applicable, HQL parser will be used.
2024-05-07T18:04:59.882+03:00  WARN 21796 --- [           main] JpaBaseConfiguration$JpaWebConfiguration : spring.jpa.open-in-view is enabled by default. Therefore, database queries may be performed during view rendering. Explicitly configure spring.jpa.open-in-view to disable this warning
2024-05-07T18:05:00.118+03:00  INFO 21796 --- [           main] o.s.b.a.w.s.WelcomePageHandlerMapping    : Adding welcome page: class path resource [static/index.html]
2024-05-07T18:05:00.560+03:00  INFO 21796 --- [           main] o.s.b.a.e.web.EndpointLinksResolver      : Exposing 6 endpoint(s) beneath base path '/actuator'
2024-05-07T18:05:00.635+03:00  INFO 21796 --- [           main] o.s.s.web.DefaultSecurityFilterChain     : Will secure any request with [org.springframework.security.web.session.DisableEncodeUrlFilter@4ce2f4d6, org.springframework.security.web.context.request.async.WebAsyncManagerIntegrationFilter@58070889, org.springframework.security.web.context.SecurityContextHolderFilter@6ca1c156, org.springframework.security.web.header.HeaderWriterFilter@5bbda8aa, org.springframework.security.web.authentication.logout.LogoutFilter@6fd6d887, com.example.helpdesk.config.JwtAuthenticationFilter@493489dd, org.springframework.security.web.savedrequest.RequestCacheAwareFilter@228ed68c, org.springframework.security.web.servletapi.SecurityContextHolderAwareRequestFilter@2da16d31, org.springframework.security.web.authentication.AnonymousAuthenticationFilter@5c71329f, org.springframework.security.web.session.SessionManagementFilter@38f0de07, org.springframework.security.web.access.ExceptionTranslationFilter@9c7699e, org.springframework.security.web.access.intercept.AuthorizationFilter@632cfbc5]
2024-05-07T18:05:01.272+03:00  INFO 21796 --- [           main] c.e.helpdesk.HelpdeskApplicationTests    : Started HelpdeskApplicationTests in 7.329 seconds (process running for 8.518)
2024-05-07T18:05:01.342+03:00  INFO 21796 --- [onPool-worker-1] com.example.helpdesk.LoggingAspect       : Tried the register method for email: admin@mail.com
2024-05-07T18:05:01.342+03:00  INFO 21796 --- [onPool-worker-1] com.example.helpdesk.LoggingAspect       : Uploaded the file: admin@mail.com at \<CATALINA_HOME>\webapps
Hibernate: 
    select
        nextval('_user_seq')
Hibernate: 
    insert 
    into
        _user
        (department_id,email,firstname,lastname,password,role,id) 
    values
        (?,?,?,?,?,?,?)
Hibernate: 
    select
        nextval('token_seq')
Hibernate: 
    insert 
    into
        token
        (expired,revoked,token,token_type,user_id,id) 
    values
        (?,?,?,?,?,?)
Admin token: eyJhbGciOiJIUzI1NiJ9.eyJzdWIiOiJhZG1pbkBtYWlsLmNvbSIsImlhdCI6MTcxNTA5NDMwMSwiZXhwIjoxNzE1MTgwNzAxfQ.8izsBCHyCCfFCvXFlTX1aBiP8W6b5Ha9PUAMvTtTUG4
Hibernate: 
    select
        u1_0.id,
        u1_0.department_id,
        u1_0.email,
        u1_0.firstname,
        u1_0.lastname,
        u1_0.password,
        u1_0.role 
    from
        _user u1_0 
    where
        u1_0.email=?
Hibernate: 
    select
        u1_0.id,
        d1_0.department_id,
        d1_0.department_name,
        u1_0.email,
        u1_0.firstname,
        u1_0.lastname,
        u1_0.password,
        u1_0.role,
        a1_0.user_assignee_id,
        a1_0.id_ticket,
        a1_0.dtype,
        a1_0.created_at,
        a1_0.last_update,
        a1_0.status,
        a1_0.subject,
        u2_0.id,
        d2_0.department_id,
        d2_0.department_name,
        u2_0.email,
        u2_0.firstname,
        u2_0.lastname,
        u2_0.password,
        u2_0.role,
        a1_0.threat_level 
    from
        _user u1_0 
    left join
        department d1_0 
            on d1_0.department_id=u1_0.department_id 
    left join
        ticket a1_0 
            on u1_0.id=a1_0.user_assignee_id 
    left join
        _user u2_0 
            on u2_0.id=a1_0.user_id 
    left join
        department d2_0 
            on d2_0.department_id=u2_0.department_id 
    where
        u1_0.id=?
Hibernate: 
    select
        t1_0.user_id,
        t1_0.id_ticket,
        t1_0.dtype,
        t1_0.created_at,
        t1_0.last_update,
        t1_0.status,
        t1_0.subject,
        u1_0.id,
        d1_0.department_id,
        d1_0.department_name,
        u1_0.email,
        u1_0.firstname,
        u1_0.lastname,
        u1_0.password,
        u1_0.role,
        t1_0.threat_level 
    from
        ticket t1_0 
    left join
        _user u1_0 
            on u1_0.id=t1_0.user_assignee_id 
    left join
        department d1_0 
            on d1_0.department_id=u1_0.department_id 
    where
        t1_0.user_id=?
Hibernate: 
    update
        _user 
    set
        department_id=?,
        email=?,
        firstname=?,
        lastname=?,
        password=?,
        role=? 
    where
        id=?
2024-05-07T18:05:01.794+03:00  INFO 21796 --- [onPool-worker-1] com.example.helpdesk.LoggingAspect       : Tried the register method for email: manager@mail.com
2024-05-07T18:05:01.794+03:00  INFO 21796 --- [onPool-worker-1] com.example.helpdesk.LoggingAspect       : Uploaded the file: manager@mail.com at \<CATALINA_HOME>\webapps
Hibernate: 
    select
        nextval('_user_seq')
Hibernate: 
    insert 
    into
        _user
        (department_id,email,firstname,lastname,password,role,id) 
    values
        (?,?,?,?,?,?,?)
Hibernate: 
    select
        nextval('token_seq')
Hibernate: 
    insert 
    into
        token
        (expired,revoked,token,token_type,user_id,id) 
    values
        (?,?,?,?,?,?)
Manager token: eyJhbGciOiJIUzI1NiJ9.eyJzdWIiOiJtYW5hZ2VyQG1haWwuY29tIiwiaWF0IjoxNzE1MDk0MzAxLCJleHAiOjE3MTUxODA3MDF9.UhXkOiG_qE71mPp0HI-uY4gP66zE6-9k-LOBCeWHYlg
Hibernate: 
    select
        u1_0.id,
        u1_0.department_id,
        u1_0.email,
        u1_0.firstname,
        u1_0.lastname,
        u1_0.password,
        u1_0.role 
    from
        _user u1_0 
    where
        u1_0.email=?
Hibernate: 
    select
        u1_0.id,
        d1_0.department_id,
        d1_0.department_name,
        u1_0.email,
        u1_0.firstname,
        u1_0.lastname,
        u1_0.password,
        u1_0.role,
        a1_0.user_assignee_id,
        a1_0.id_ticket,
        a1_0.dtype,
        a1_0.created_at,
        a1_0.last_update,
        a1_0.status,
        a1_0.subject,
        u2_0.id,
        d2_0.department_id,
        d2_0.department_name,
        u2_0.email,
        u2_0.firstname,
        u2_0.lastname,
        u2_0.password,
        u2_0.role,
        a1_0.threat_level 
    from
        _user u1_0 
    left join
        department d1_0 
            on d1_0.department_id=u1_0.department_id 
    left join
        ticket a1_0 
            on u1_0.id=a1_0.user_assignee_id 
    left join
        _user u2_0 
            on u2_0.id=a1_0.user_id 
    left join
        department d2_0 
            on d2_0.department_id=u2_0.department_id 
    where
        u1_0.id=?
Hibernate: 
    select
        t1_0.user_id,
        t1_0.id_ticket,
        t1_0.dtype,
        t1_0.created_at,
        t1_0.last_update,
        t1_0.status,
        t1_0.subject,
        u1_0.id,
        d1_0.department_id,
        d1_0.department_name,
        u1_0.email,
        u1_0.firstname,
        u1_0.lastname,
        u1_0.password,
        u1_0.role,
        t1_0.threat_level 
    from
        ticket t1_0 
    left join
        _user u1_0 
            on u1_0.id=t1_0.user_assignee_id 
    left join
        department d1_0 
            on d1_0.department_id=u1_0.department_id 
    where
        t1_0.user_id=?
Hibernate: 
    update
        _user 
    set
        department_id=?,
        email=?,
        firstname=?,
        lastname=?,
        password=?,
        role=? 
    where
        id=?
2024-05-07T18:05:01.904+03:00  INFO 21796 --- [onPool-worker-1] com.example.helpdesk.LoggingAspect       : Tried the register method for email: client@mail.com
2024-05-07T18:05:01.904+03:00  INFO 21796 --- [onPool-worker-1] com.example.helpdesk.LoggingAspect       : Uploaded the file: client@mail.com at \<CATALINA_HOME>\webapps
Hibernate: 
    insert 
    into
        _user
        (department_id,email,firstname,lastname,password,role,id) 
    values
        (?,?,?,?,?,?,?)
Hibernate: 
    insert 
    into
        token
        (expired,revoked,token,token_type,user_id,id) 
    values
        (?,?,?,?,?,?)
Client token: eyJhbGciOiJIUzI1NiJ9.eyJzdWIiOiJjbGllbnRAbWFpbC5jb20iLCJpYXQiOjE3MTUwOTQzMDEsImV4cCI6MTcxNTE4MDcwMX0.pqd9dZkO4EghZGaWQyTEabaWxUXC1uG20rvizEhOQys
Hibernate: 
    select
        u1_0.id,
        u1_0.department_id,
        u1_0.email,
        u1_0.firstname,
        u1_0.lastname,
        u1_0.password,
        u1_0.role 
    from
        _user u1_0 
    where
        u1_0.email=?
Hibernate: 
    select
        u1_0.id,
        d1_0.department_id,
        d1_0.department_name,
        u1_0.email,
        u1_0.firstname,
        u1_0.lastname,
        u1_0.password,
        u1_0.role,
        a1_0.user_assignee_id,
        a1_0.id_ticket,
        a1_0.dtype,
        a1_0.created_at,
        a1_0.last_update,
        a1_0.status,
        a1_0.subject,
        u2_0.id,
        d2_0.department_id,
        d2_0.department_name,
        u2_0.email,
        u2_0.firstname,
        u2_0.lastname,
        u2_0.password,
        u2_0.role,
        a1_0.threat_level 
    from
        _user u1_0 
    left join
        department d1_0 
            on d1_0.department_id=u1_0.department_id 
    left join
        ticket a1_0 
            on u1_0.id=a1_0.user_assignee_id 
    left join
        _user u2_0 
            on u2_0.id=a1_0.user_id 
    left join
        department d2_0 
            on d2_0.department_id=u2_0.department_id 
    where
        u1_0.id=?
Hibernate: 
    select
        t1_0.user_id,
        t1_0.id_ticket,
        t1_0.dtype,
        t1_0.created_at,
        t1_0.last_update,
        t1_0.status,
        t1_0.subject,
        u1_0.id,
        d1_0.department_id,
        d1_0.department_name,
        u1_0.email,
        u1_0.firstname,
        u1_0.lastname,
        u1_0.password,
        u1_0.role,
        t1_0.threat_level 
    from
        ticket t1_0 
    left join
        _user u1_0 
            on u1_0.id=t1_0.user_assignee_id 
    left join
        department d1_0 
            on d1_0.department_id=u1_0.department_id 
    where
        t1_0.user_id=?
]]></system-out>
  </testcase>
</testsuite>